<?xml version="1.0" encoding="UTF-8"?>
<!-- Generated by org.testng.reporters.JUnitXMLReporter -->
<testsuite ignored="0" hostname="LTIN489511" failures="0" tests="6" name="Default test" time="3.768" errors="0" timestamp="2025-07-14T11:42:14 IST">
  <testcase classname="com.cognizant.TS02LanguageLearningOverview.TCLanguageSection" name="tc02ToVerifyLanguageSectionAccessible" time="1.407"/>
  <testcase classname="com.cognizant.TS02LanguageLearningOverview.TCLanguageSection" name="tc03ToVerifyVisibilityOfShowMoreLink" time="0.03"/>
  <testcase classname="com.cognizant.TS02LanguageLearningOverview.TCLanguageSection" name="tc04ToVerifyEnglishOptionIsAvailable" time="0.107"/>
  <testcase classname="com.cognizant.TS02LanguageLearningOverview.TCLanguageSection" name="tc05ToVeriftCountOfCoursesVisibleForEachLanguage" time="0.073"/>
  <testcase classname="com.cognizant.TS02LanguageLearningOverview.TCLanguageSection" name="tc08ToVerifyCountOfLanguages" time="0.2"/>
  <testcase classname="com.cognizant.TS02LanguageLearningOverview.TCLanguageSection" name="tc11ToVerifyEnglishLanguageCheckboxChecked" time="1.851"/>
</testsuite> <!-- Default test -->
