<?xml version="1.0" encoding="UTF-8"?>
<!-- Generated by org.testng.reporters.JUnitXMLReporter -->
<testsuite ignored="0" hostname="LTIN489511" failures="0" tests="6" name="Default test" time="16.095" errors="0" timestamp="2025-07-16T08:29:20 IST">
  <testcase classname="com.cognizant.TS02LanguageLearningOverview.TCLanguageSection" name="tc02ToVerifyLanguageSectionAccessible" time="0.61"/>
  <testcase classname="com.cognizant.TS02LanguageLearningOverview.TCLanguageSection" name="tc03ToVerifyVisibilityOfShowMoreLink" time="0.244"/>
  <testcase classname="com.cognizant.TS02LanguageLearningOverview.TCLanguageSection" name="tc04ToVerifyEnglishOptionIsAvailable" time="0.756"/>
  <testcase classname="com.cognizant.TS02LanguageLearningOverview.TCLanguageSection" name="tc05ToVerifyCountOfCoursesVisibleForEachLanguage" time="1.515"/>
  <testcase classname="com.cognizant.TS02LanguageLearningOverview.TCLanguageSection" name="tc08ToVerifyCountOfLanguages" time="0.252"/>
  <testcase classname="com.cognizant.TS02LanguageLearningOverview.TCLanguageSection" name="tc10ToVerifyEnglishLanguageCheckboxChecked" time="2.333"/>
</testsuite> <!-- Default test -->
