<?xml version="1.0" encoding="UTF-8"?>
<testng-results ignored="0" total="0" passed="0" failed="0" skipped="0">
  <reporter-output>
  </reporter-output>
  <suite started-at="2025-07-08T09:18:19 IST" name="Suite" finished-at="2025-07-08T09:18:19 IST" duration-ms="16">
    <groups>
    </groups>
    <test started-at="2025-07-08T09:18:19 IST" name="Test" finished-at="2025-07-08T09:18:19 IST" duration-ms="16">
      <class name="com.cognizant.base.Base_Test">
        <test-method is-config="true" signature="setup()[pri:0, instance:com.cognizant.base.Base_Test@3c41ed1d]" started-at="2025-07-08T09:18:12 IST" name="setup" finished-at="2025-07-08T09:18:19 IST" duration-ms="6510" status="PASS">
          <reporter-output>
          </reporter-output>
        </test-method> <!-- setup -->
        <test-method is-config="true" signature="tearDown()[pri:0, instance:com.cognizant.base.Base_Test@3c41ed1d]" started-at="2025-07-08T09:18:19 IST" name="tearDown" finished-at="2025-07-08T09:18:21 IST" duration-ms="2324" status="PASS">
          <reporter-output>
          </reporter-output>
        </test-method> <!-- tearDown -->
      </class> <!-- com.cognizant.base.Base_Test -->
    </test> <!-- Test -->
  </suite> <!-- Suite -->
</testng-results>
