<?xml version="1.0" encoding="UTF-8"?>
<testng-results ignored="0" total="6" passed="6" failed="0" skipped="0">
  <reporter-output>
  </reporter-output>
  <suite started-at="2025-07-14T11:42:10 IST" name="Default suite" finished-at="2025-07-14T11:42:14 IST" duration-ms="3768">
    <groups>
      <group name="smoke">
        <method signature="TCLanguageSection.tc03ToVerifyVisibilityOfShowMoreLink()[pri:0, instance:com.cognizant.TS02LanguageLearningOverview.TCLanguageSection@1fa121e2]" name="tc03ToVerifyVisibilityOfShowMoreLink" class="com.cognizant.TS02LanguageLearningOverview.TCLanguageSection"/>
        <method signature="TCLanguageSection.tc04ToVerifyEnglishOptionIsAvailable()[pri:0, instance:com.cognizant.TS02LanguageLearningOverview.TCLanguageSection@1fa121e2]" name="tc04ToVerifyEnglishOptionIsAvailable" class="com.cognizant.TS02LanguageLearningOverview.TCLanguageSection"/>
        <method signature="TCLanguageSection.tc11ToVerifyEnglishLanguageCheckboxChecked()[pri:0, instance:com.cognizant.TS02LanguageLearningOverview.TCLanguageSection@1fa121e2]" name="tc11ToVerifyEnglishLanguageCheckboxChecked" class="com.cognizant.TS02LanguageLearningOverview.TCLanguageSection"/>
      </group> <!-- smoke -->
      <group name="sanity">
        <method signature="TCLanguageSection.tc02ToVerifyLanguageSectionAccessible()[pri:0, instance:com.cognizant.TS02LanguageLearningOverview.TCLanguageSection@1fa121e2]" name="tc02ToVerifyLanguageSectionAccessible" class="com.cognizant.TS02LanguageLearningOverview.TCLanguageSection"/>
        <method signature="TCLanguageSection.tc05ToVeriftCountOfCoursesVisibleForEachLanguage()[pri:0, instance:com.cognizant.TS02LanguageLearningOverview.TCLanguageSection@1fa121e2]" name="tc05ToVeriftCountOfCoursesVisibleForEachLanguage" class="com.cognizant.TS02LanguageLearningOverview.TCLanguageSection"/>
        <method signature="TCLanguageSection.tc08ToVerifyCountOfLanguages()[pri:0, instance:com.cognizant.TS02LanguageLearningOverview.TCLanguageSection@1fa121e2]" name="tc08ToVerifyCountOfLanguages" class="com.cognizant.TS02LanguageLearningOverview.TCLanguageSection"/>
      </group> <!-- sanity -->
    </groups>
    <test started-at="2025-07-14T11:42:10 IST" name="Default test" finished-at="2025-07-14T11:42:14 IST" duration-ms="3768">
      <class name="com.cognizant.TS02LanguageLearningOverview.TCLanguageSection">
        <test-method is-config="true" signature="setup()[pri:0, instance:com.cognizant.TS02LanguageLearningOverview.TCLanguageSection@1fa121e2]" started-at="2025-07-14T11:42:03 IST" name="setup" finished-at="2025-07-14T11:42:10 IST" duration-ms="7047" status="PASS">
          <reporter-output>
          </reporter-output>
        </test-method> <!-- setup -->
        <test-method signature="tc02ToVerifyLanguageSectionAccessible()[pri:0, instance:com.cognizant.TS02LanguageLearningOverview.TCLanguageSection@1fa121e2]" started-at="2025-07-14T11:42:10 IST" name="tc02ToVerifyLanguageSectionAccessible" finished-at="2025-07-14T11:42:12 IST" duration-ms="1407" status="PASS">
          <reporter-output>
          </reporter-output>
        </test-method> <!-- tc02ToVerifyLanguageSectionAccessible -->
        <test-method signature="tc03ToVerifyVisibilityOfShowMoreLink()[pri:0, instance:com.cognizant.TS02LanguageLearningOverview.TCLanguageSection@1fa121e2]" started-at="2025-07-14T11:42:12 IST" name="tc03ToVerifyVisibilityOfShowMoreLink" finished-at="2025-07-14T11:42:12 IST" duration-ms="30" status="PASS">
          <reporter-output>
          </reporter-output>
        </test-method> <!-- tc03ToVerifyVisibilityOfShowMoreLink -->
        <test-method signature="tc04ToVerifyEnglishOptionIsAvailable()[pri:0, instance:com.cognizant.TS02LanguageLearningOverview.TCLanguageSection@1fa121e2]" started-at="2025-07-14T11:42:12 IST" name="tc04ToVerifyEnglishOptionIsAvailable" finished-at="2025-07-14T11:42:12 IST" duration-ms="107" status="PASS">
          <reporter-output>
          </reporter-output>
        </test-method> <!-- tc04ToVerifyEnglishOptionIsAvailable -->
        <test-method signature="tc05ToVeriftCountOfCoursesVisibleForEachLanguage()[pri:0, instance:com.cognizant.TS02LanguageLearningOverview.TCLanguageSection@1fa121e2]" started-at="2025-07-14T11:42:12 IST" name="tc05ToVeriftCountOfCoursesVisibleForEachLanguage" finished-at="2025-07-14T11:42:12 IST" duration-ms="73" status="PASS">
          <reporter-output>
          </reporter-output>
        </test-method> <!-- tc05ToVeriftCountOfCoursesVisibleForEachLanguage -->
        <test-method signature="tc08ToVerifyCountOfLanguages()[pri:0, instance:com.cognizant.TS02LanguageLearningOverview.TCLanguageSection@1fa121e2]" started-at="2025-07-14T11:42:12 IST" name="tc08ToVerifyCountOfLanguages" finished-at="2025-07-14T11:42:12 IST" duration-ms="200" status="PASS">
          <reporter-output>
          </reporter-output>
        </test-method> <!-- tc08ToVerifyCountOfLanguages -->
        <test-method signature="tc11ToVerifyEnglishLanguageCheckboxChecked()[pri:0, instance:com.cognizant.TS02LanguageLearningOverview.TCLanguageSection@1fa121e2]" started-at="2025-07-14T11:42:12 IST" name="tc11ToVerifyEnglishLanguageCheckboxChecked" finished-at="2025-07-14T11:42:14 IST" duration-ms="1851" status="PASS">
          <reporter-output>
          </reporter-output>
        </test-method> <!-- tc11ToVerifyEnglishLanguageCheckboxChecked -->
        <test-method is-config="true" signature="tearDown()[pri:0, instance:com.cognizant.TS02LanguageLearningOverview.TCLanguageSection@1fa121e2]" started-at="2025-07-14T11:42:14 IST" name="tearDown" finished-at="2025-07-14T11:42:17 IST" duration-ms="2595" status="PASS">
          <reporter-output>
          </reporter-output>
        </test-method> <!-- tearDown -->
      </class> <!-- com.cognizant.TS02LanguageLearningOverview.TCLanguageSection -->
    </test> <!-- Default test -->
  </suite> <!-- Default suite -->
</testng-results>
